{"message":"Connected to the Databse","level":"info","timestamp":"2020-08-14T07:53:44.347Z"}
{"message":"Connected to the Databse","level":"info","timestamp":"2020-08-14T07:54:03.029Z"}
{"message":"Server running on port undefined","level":"info","timestamp":"2020-08-14T07:55:38.938Z"}
{"message":"Server running on port undefined","level":"info","timestamp":"2020-08-14T07:56:11.109Z"}
{"message":"Server running on port undefined","level":"info","timestamp":"2020-08-14T07:59:33.917Z"}
{"message":"Server running on port undefined","level":"info","timestamp":"2020-08-14T08:00:10.145Z"}
{"name":"Extraction","author":"Johny Deep","level":"info","message":"Adding a new book ","timestamp":"2020-08-14T08:00:58.829Z"}
{"message":"Server running on port undefined","level":"info","timestamp":"2020-08-14T08:01:48.792Z"}
{"book":{"name":"Extraction","author":"Johny Deep"},"level":"info","message":"Adding a new book ","timestamp":"2020-08-14T08:01:55.442Z"}
{"message":"Server running on port undefined","level":"info","timestamp":"2020-08-14T08:02:46.507Z"}
{"book":{"name":"Extraction","authr":"Johny Deep"},"level":"info","message":"Adding a new book ","timestamp":"2020-08-14T08:03:02.801Z"}
{"error":{"errors":{"author":{"properties":{"message":"Path `author` is required.","type":"required","path":"author"},"kind":"required","path":"author"}},"_message":"Book validation failed","message":"Book validation failed: author: Path `author` is required."},"level":"error","message":"Failed to add book","timestamp":"2020-08-14T08:03:02.812Z"}
{"message":"Server running on port undefined","level":"info","timestamp":"2020-08-14T08:06:54.332Z"}
{"message":"Server running on port undefined","level":"info","timestamp":"2020-08-14T08:12:09.462Z"}
{"message":"Server running on port undefined","level":"info","timestamp":"2020-08-14T08:14:50.661Z"}
{"message":"Server running on port undefined","level":"info","timestamp":"2020-08-14T08:17:55.589Z"}
{"message":"Server running on port undefined","level":"info","timestamp":"2020-08-14T08:18:47.129Z"}
{"message":"Server running on port undefined","level":"info","timestamp":"2020-08-14T08:19:18.418Z"}
{"message":"Server running on port undefined","level":"info","timestamp":"2020-08-14T08:19:26.871Z"}
{"message":"Server running on port undefined","level":"info","timestamp":"2020-08-14T08:19:33.724Z"}
{"message":"Server running on port undefined","level":"info","timestamp":"2020-08-14T08:19:39.920Z"}
{"message":"Server running on port undefined","level":"info","timestamp":"2020-08-14T08:20:00.217Z"}
{"message":"Server running on port undefined","level":"info","timestamp":"2020-08-14T08:21:06.190Z"}
{"message":"Server running on port undefined","level":"info","timestamp":"2020-08-14T08:21:35.872Z"}
{"message":"Server running on port undefined","level":"info","timestamp":"2020-08-14T08:22:43.170Z"}
{"message":"Server running on port undefined","level":"info","timestamp":"2020-08-14T08:23:36.619Z"}
{"message":"Server running on port undefined","level":"info","timestamp":"2020-08-14T08:24:12.701Z"}
{"message":"Server running on port undefined","level":"info","timestamp":"2020-08-14T08:28:18.446Z"}
{"message":"Server running on port undefined","level":"error","timestamp":"2020-08-14T08:29:45.713Z"}
{"message":"Server running on port undefined","level":"error","timestamp":"2020-08-14T08:30:31.995Z"}
{"message":"Server running on port 9001","level":"error","timestamp":"2020-08-14T08:31:11.219Z"}
{"message":"Server running on port 9001","level":"error","timestamp":"2020-08-14T08:33:29.353Z"}
{"message":"Server running on port 9001","level":"error","timestamp":"2020-08-14T08:34:09.395Z"}
{"message":"Server running on port 9001","level":"error","timestamp":"2020-08-14T08:36:36.196Z"}
{"message":"Server running on port 9001","level":"error","timestamp":"2020-08-14T08:37:22.714Z"}
{"message":"Server running on port 9001","level":"error","timestamp":"2020-08-14T08:41:42.195Z"}
{"message":"Server running on port 9001","level":"error","timestamp":"2020-08-15T04:39:45.641Z"}
{"message":"Server running on port 9001","level":"error","timestamp":"2020-08-15T04:40:53.381Z"}
{"message":"Server running on port 9001","level":"error","timestamp":"2020-08-15T04:40:55.500Z"}
{"message":"Server running on port 9001","level":"error","timestamp":"2020-08-15T04:41:42.247Z"}
{"book":{"name":"Extraction","authr":"Johny Deep"},"level":"info","message":"Adding a new book ","timestamp":"2020-08-15T04:42:30.197Z"}
{"error":{"errors":{"author":{"properties":{"message":"Path `author` is required.","type":"required","path":"author"},"kind":"required","path":"author"}},"_message":"Book validation failed","message":"Book validation failed: author: Path `author` is required."},"level":"error","message":"Failed to add book","timestamp":"2020-08-15T04:42:30.209Z"}
{"message":"Server running on port 9001","level":"error","timestamp":"2020-08-15T04:46:16.644Z"}
{"book":{"name":"Extraction","authr":"Johny Deep"},"level":"info","message":"Adding a new book ","timestamp":"2020-08-15T04:46:32.902Z"}
{"error":{"errors":{"author":{"properties":{"message":"Path `author` is required.","type":"required","path":"author"},"kind":"required","path":"author"}},"_message":"Book validation failed","message":"Book validation failed: author: Path `author` is required."},"level":"error","message":"Failed to add book","timestamp":"2020-08-15T04:46:32.920Z"}
{"book":{"name":"Extraction","author":"Johny Deep"},"level":"info","message":"Adding a new book ","timestamp":"2020-08-15T04:46:46.268Z"}
{"message":"Server running on port 9001","level":"info","timestamp":"2020-08-15T04:49:14.220Z"}
{"message":"Server running on port 9001","level":"info","timestamp":"2020-08-15T04:51:18.022Z"}
{"book":{"name":"Pirates of the carebian","authr":"Johny Deep"},"level":"info","message":"Adding a new book ","timestamp":"2020-08-15T04:52:08.588Z"}
{"error":{"errors":{"author":{"properties":{"message":"Path `author` is required.","type":"required","path":"author"},"kind":"required","path":"author"}},"_message":"Book validation failed","message":"Book validation failed: author: Path `author` is required."},"level":"error","message":"Failed to add book","timestamp":"2020-08-15T04:52:08.600Z"}
{"message":"Fetching information of all books","level":"info","timestamp":"2020-08-15T04:52:43.622Z"}
{"message":"Server running on port 9001","level":"info","timestamp":"2020-08-15T04:53:41.501Z"}
{"books":{},"level":"info","message":"Fetching information of all books ","timestamp":"2020-08-15T04:53:44.957Z"}
{"message":"Server running on port 9001","level":"info","timestamp":"2020-08-15T04:54:47.374Z"}
{"books":[{"status":"AVAILABLE","updatedBy":null,"createdAt":"2020-08-15T04:46:16.277Z","updatedAt":"2020-08-15T04:46:16.277Z","_id":"5f3768b62dfc270cf7642c89","name":"Extraction","author":"Johny Deep","__v":0},{"status":"AVAILABLE","updatedBy":null,"createdAt":"2020-08-14T08:01:48.652Z","updatedAt":"2020-08-14T08:01:48.652Z","_id":"5f3644f3cdac1d0faf469b9d","name":"Extraction","author":"Johny Deep","__v":0},{"status":"AVAILABLE","updatedBy":null,"createdAt":"2020-08-14T08:00:09.984Z","updatedAt":"2020-08-14T08:00:09.984Z","_id":"5f3644ba1896200f32f2415c","name":"Extraction","author":"Johny Deep","__v":0}],"level":"info","message":"Fetching information of all books ","timestamp":"2020-08-15T04:54:51.750Z"}
{"message":"Server running on port 9001","level":"info","timestamp":"2020-08-15T04:56:33.909Z"}
{"message":"Fetching information of all books","level":"info","timestamp":"2020-08-15T04:56:36.981Z"}
{"message":"Server running on port 9001","level":"info","timestamp":"2020-08-15T04:57:41.056Z"}
{"message":"Server running on port 9001","level":"info","timestamp":"2020-08-15T04:58:33.882Z"}
{"level":"info","message":"Fetching in formation of book with id","timestamp":"2020-08-15T04:58:36.427Z"}
{"message":"Server running on port 9001","level":"info","timestamp":"2020-08-15T04:59:34.504Z"}
{"message":"Fetching in formation of book with id","level":"info","timestamp":"2020-08-15T04:59:36.962Z"}
{"message":"Server running on port 9001","level":"info","timestamp":"2020-08-15T05:00:11.958Z"}
{"message":"Server running on port 9001","level":"info","timestamp":"2020-08-15T05:00:45.402Z"}
{"message":"Failed to fetch book by id","level":"info","timestamp":"2020-08-15T05:00:51.454Z"}
{"message":"Server running on port 9001","level":"info","timestamp":"2020-08-15T05:01:44.961Z"}
{"message":"Updating book information,,,,,","level":"info","timestamp":"2020-08-15T05:02:01.738Z"}
{"message":"Server running on port 9001","level":"info","timestamp":"2020-08-15T05:02:56.973Z"}
{"message":"Failed to update book by id","level":"info","timestamp":"2020-08-15T05:04:15.005Z"}
{"message":"Server running on port 9001","level":"info","timestamp":"2020-08-15T05:05:42.610Z"}
{"message":"Failed to delete book by id","level":"error","timestamp":"2020-08-15T05:06:11.109Z"}
{"message":"Fetching information of all books","level":"info","timestamp":"2020-08-15T05:06:33.020Z"}
{"message":"Fetching information of all books","level":"info","timestamp":"2020-08-15T05:06:48.848Z"}
{"message":"Deleting a book by id,,,,","level":"info","timestamp":"2020-08-15T05:07:19.534Z"}
{"message":"Server running on port 9001","level":"info","timestamp":"2020-08-15T05:07:53.034Z"}
{"message":"Server running on port 9001","level":"info","timestamp":"2020-08-15T05:08:04.896Z"}
{"message":"Server running on port 9001","level":"info","timestamp":"2020-08-15T05:08:14.599Z"}
{"message":"Server running on port 9001","level":"info","timestamp":"2020-08-15T05:08:19.004Z"}
{"message":"Server running on port 9001","level":"info","timestamp":"2020-08-15T05:09:00.668Z"}
{"message":"Server running on port 9001","level":"info","timestamp":"2020-08-15T05:10:04.126Z"}
{"message":"Server running on port 9001","level":"info","timestamp":"2020-08-15T05:10:51.437Z"}
{"message":"Server running on port 9001","level":"info","timestamp":"2020-08-15T05:11:37.175Z"}
{"message":"Server running on port 9001","level":"info","timestamp":"2020-08-15T05:12:06.686Z"}
{"message":"Server running on port 9001","level":"info","timestamp":"2020-08-15T05:13:31.622Z"}
{"message":"Server running on port 9001","level":"info","timestamp":"2020-08-15T05:13:50.723Z"}
{"user":{"name":"Eswar","password":"eswar143"},"level":"info","message":"Adding a new user ","timestamp":"2020-08-15T05:14:05.736Z"}
{"message":"Failed to add new user","level":"error","timestamp":"2020-08-15T05:14:05.753Z"}
{"user":{"name":"Eswar","password":"eswar143@"},"level":"info","message":"Adding a new user ","timestamp":"2020-08-15T05:14:18.241Z"}
{"message":"Failed to add new user","level":"error","timestamp":"2020-08-15T05:14:18.243Z"}
{"user":{"name":"Eswar rao","password":"Eswar143@"},"level":"info","message":"Adding a new user ","timestamp":"2020-08-15T05:14:44.153Z"}
{"message":"Server running on port 9001","level":"info","timestamp":"2020-08-15T05:15:32.475Z"}
{"message":"Server running on port 9001","level":"info","timestamp":"2020-08-15T05:15:52.430Z"}
{"message":"Server running on port 9001","level":"info","timestamp":"2020-08-15T05:16:32.845Z"}
{"message":"Server running on port 9001","level":"info","timestamp":"2020-08-15T05:16:58.490Z"}
{"message":"Server running on port 9001","level":"info","timestamp":"2020-08-15T05:17:21.469Z"}
{"message":"Server running on port 9001","level":"info","timestamp":"2020-08-15T05:17:46.598Z"}
{"message":"Server running on port 9001","level":"info","timestamp":"2020-08-15T05:18:07.109Z"}
{"message":"Server running on port 9001","level":"info","timestamp":"2020-08-15T05:18:14.560Z"}
{"message":"Server running on port 9001","level":"info","timestamp":"2020-08-15T05:21:04.525Z"}
{"message":"Server running on port 9001","level":"info","timestamp":"2020-08-15T05:22:36.501Z"}
{"message":"Server running on port 9001","level":"info","timestamp":"2020-08-17T03:02:12.807Z"}
{"message":"Server running on port 9001","level":"info","timestamp":"2020-08-17T03:02:41.810Z"}
{"message":"Server running on port 9001","level":"info","timestamp":"2020-08-17T03:36:10.712Z"}
{"message":"Server running on port 9001","level":"info","timestamp":"2020-08-17T03:36:29.744Z"}
{"message":"Server running on port 9001","level":"info","timestamp":"2020-08-17T03:40:26.340Z"}
{"message":"Server running on port 9001","level":"info","timestamp":"2020-08-17T03:40:35.683Z"}
{"message":"Server running on port 9001","level":"info","timestamp":"2020-08-17T03:41:03.963Z"}
{"message":"Server running on port 9001","level":"info","timestamp":"2020-08-17T03:43:22.644Z"}
{"message":"Server running on port 9001","level":"info","timestamp":"2020-08-17T03:44:16.927Z"}
{"message":"Server running on port 9001","level":"info","timestamp":"2020-08-17T03:45:04.714Z"}
{"message":"Fetching information of all books","level":"info","timestamp":"2020-08-17T03:56:59.904Z"}
{"message":"Server running on port 9001","level":"info","timestamp":"2020-08-17T04:02:58.180Z"}
{"message":"Server running on port 9001","level":"info","timestamp":"2020-08-17T04:06:58.772Z"}
{"message":"Server running on port 9001","level":"info","timestamp":"2020-08-17T04:08:38.604Z"}
{"message":"Server running on port 9001","level":"info","timestamp":"2020-08-17T04:08:42.531Z"}
{"message":"Server running on port 9001","level":"info","timestamp":"2020-08-17T04:08:45.665Z"}
{"message":"Server running on port 9001","level":"info","timestamp":"2020-08-17T04:09:55.555Z"}
{"message":"Server running on port 9001","level":"info","timestamp":"2020-08-17T04:10:21.904Z"}
{"message":"Server running on port 9001","level":"info","timestamp":"2020-08-17T04:10:57.098Z"}
{"message":"Server running on port 9001","level":"info","timestamp":"2020-08-17T04:15:06.912Z"}
{"message":"Server running on port 9001","level":"info","timestamp":"2020-08-17T04:15:57.624Z"}
{"message":"Server running on port 9001","level":"info","timestamp":"2020-08-17T04:17:50.328Z"}
{"level":"error","timestamp":"2020-08-17T04:17:56.979Z"}
{"message":"Server running on port 9001","level":"info","timestamp":"2020-08-17T04:18:44.704Z"}
{"message":"Server running on port 9001","level":"info","timestamp":"2020-08-17T04:19:21.685Z"}
{"message":"Server running on port 9001","level":"info","timestamp":"2020-08-17T04:20:12.135Z"}
{"message":"Fetching information of all users","level":"info","timestamp":"2020-08-17T04:20:56.451Z"}
{"message":"Server running on port 9001","level":"info","timestamp":"2020-08-17T04:22:26.773Z"}
{"message":"Server running on port 9001","level":"info","timestamp":"2020-08-19T05:51:56.639Z"}
{"message":"Fetching information of all users","level":"info","timestamp":"2020-08-19T05:52:36.104Z"}
{"message":"Server running on port 9001","level":"info","timestamp":"2020-08-19T05:54:40.409Z"}
{"message":"Server running on port 9001","level":"info","timestamp":"2020-08-19T05:56:02.833Z"}
{"message":"Server running on port 9001","level":"info","timestamp":"2020-08-19T05:57:12.233Z"}
{"message":"Server running on port 9001","level":"info","timestamp":"2020-08-19T05:59:26.632Z"}
{"message":"Server running on port 9001","level":"info","timestamp":"2020-08-19T05:59:55.712Z"}
{"message":"Server running on port 9001","level":"info","timestamp":"2020-08-19T06:00:02.351Z"}
{"message":"Server running on port 9001","level":"info","timestamp":"2020-08-19T06:00:44.853Z"}
{"message":"Server running on port 9001","level":"info","timestamp":"2020-08-19T06:00:58.520Z"}
{"message":"Server running on port 9001","level":"info","timestamp":"2020-08-19T06:01:09.342Z"}
{"message":"Server running on port 9001","level":"info","timestamp":"2020-08-19T06:01:20.654Z"}
{"message":"Server running on port 9001","level":"info","timestamp":"2020-08-19T06:01:26.581Z"}
{"message":"Server running on port 9001","level":"info","timestamp":"2020-08-19T06:01:30.224Z"}
{"message":"Server running on port 9001","level":"info","timestamp":"2020-08-19T06:01:43.893Z"}
{"message":"Server running on port 9001","level":"info","timestamp":"2020-08-19T06:01:50.096Z"}
{"message":"Server running on port 9001","level":"info","timestamp":"2020-08-19T06:01:52.734Z"}
{"message":"Server running on port 9001","level":"info","timestamp":"2020-08-19T06:02:13.539Z"}
{"level":"info","message":"logged in with userId: ","timestamp":"2020-08-19T06:02:16.641Z"}
{"message":"Server running on port 9001","level":"info","timestamp":"2020-08-19T06:02:35.675Z"}
{"message":"Server running on port 9001","level":"info","timestamp":"2020-08-19T06:02:40.620Z"}
{"message":"logged in with userId: 5f376f4490c99b120bb48ad7","level":"info","timestamp":"2020-08-19T06:02:45.650Z"}
{"message":"Server running on port 9001","level":"info","timestamp":"2020-08-19T06:02:56.621Z"}
{"message":"Server running on port 9001","level":"info","timestamp":"2020-08-19T06:02:58.705Z"}
{"message":"logged in with userId: 5f376f4490c99b120bb48ad7","level":"info","timestamp":"2020-08-19T06:03:01.103Z"}
{"message":"Server running on port 9001","level":"info","timestamp":"2020-08-19T06:03:39.372Z"}
{"message":"Server running on port 9001","level":"info","timestamp":"2020-08-19T06:03:50.820Z"}
{"message":"Server running on port 9001","level":"info","timestamp":"2020-08-19T06:08:44.200Z"}
{"message":"logged in with userId: 5f376f4490c99b120bb48ad7","level":"info","timestamp":"2020-08-19T06:08:48.360Z"}
{"message":"Server running on port 9001","level":"info","timestamp":"2020-08-19T06:09:33.514Z"}
{"message":"Server running on port 9001","level":"info","timestamp":"2020-08-19T06:09:36.403Z"}
{"message":"logged in with userId: 5f376f4490c99b120bb48ad7","level":"info","timestamp":"2020-08-19T06:09:39.674Z"}
{"message":"Server running on port 9001","level":"info","timestamp":"2020-08-19T06:11:47.983Z"}
{"message":"Server running on port 9001","level":"info","timestamp":"2020-08-19T06:11:50.800Z"}
{"message":"logged in with userId: 5f376f4490c99b120bb48ad7","level":"info","timestamp":"2020-08-19T06:11:54.764Z"}
{"message":"Server running on port 9001","level":"info","timestamp":"2020-08-19T06:12:10.410Z"}
{"message":"Server running on port 9001","level":"info","timestamp":"2020-08-19T06:12:13.482Z"}
{"message":"Server running on port 9001","level":"info","timestamp":"2020-08-19T06:12:25.850Z"}
{"message":"Server running on port 9001","level":"info","timestamp":"2020-08-19T06:12:28.065Z"}
{"message":"logged in with userId: 5f376f4490c99b120bb48ad7","level":"info","timestamp":"2020-08-19T06:12:31.587Z"}
{"message":"logged in with userId: 5f376f4490c99b120bb48ad7","level":"info","timestamp":"2020-08-19T06:13:01.527Z"}
{"message":"Server running on port 9001","level":"info","timestamp":"2020-08-19T06:15:04.253Z"}
{"message":"Server running on port 9001","level":"info","timestamp":"2020-08-19T06:15:06.592Z"}
{"message":"logged in with userId: 5f376f4490c99b120bb48ad7","level":"info","timestamp":"2020-08-19T06:15:10.409Z"}
{"message":"Server running on port 9001","level":"info","timestamp":"2020-08-19T06:15:30.215Z"}
{"message":"Server running on port 9001","level":"info","timestamp":"2020-08-19T06:15:33.272Z"}
{"message":"Server running on port 9001","level":"info","timestamp":"2020-08-19T06:15:36.820Z"}
{"message":"logged in with userId: 5f376f4490c99b120bb48ad7","level":"info","timestamp":"2020-08-19T06:15:40.186Z"}
{"message":"Server running on port 9001","level":"info","timestamp":"2020-08-19T06:16:05.765Z"}
{"message":"Server running on port 9001","level":"info","timestamp":"2020-08-19T06:16:08.036Z"}
{"message":"Server running on port 9001","level":"info","timestamp":"2020-08-19T06:16:11.134Z"}
{"message":"Server running on port 9001","level":"info","timestamp":"2020-08-19T06:16:23.242Z"}
{"message":"Server running on port 9001","level":"info","timestamp":"2020-08-19T06:16:25.795Z"}
{"message":"Server running on port 9001","level":"info","timestamp":"2020-08-19T06:16:31.592Z"}
{"message":"Server running on port 9001","level":"info","timestamp":"2020-08-19T06:17:02.738Z"}
{"message":"logged in with userId: 5f376f4490c99b120bb48ad7","level":"info","timestamp":"2020-08-19T06:17:07.690Z"}
{"message":"Server running on port 9001","level":"info","timestamp":"2020-08-19T06:17:29.130Z"}
{"message":"Server running on port 9001","level":"info","timestamp":"2020-08-19T06:17:31.724Z"}
{"message":"logged in with userId: 5f376f4490c99b120bb48ad7","level":"info","timestamp":"2020-08-19T06:17:36.273Z"}
{"message":"logged in with userId: 5f376f4490c99b120bb48ad7","level":"info","timestamp":"2020-08-19T06:18:00.009Z"}
{"message":"Server running on port 9001","level":"info","timestamp":"2020-08-19T06:18:08.934Z"}
{"message":"Server running on port 9001","level":"info","timestamp":"2020-08-19T06:18:11.413Z"}
{"message":"logged in with userId: 5f376f4490c99b120bb48ad7","level":"info","timestamp":"2020-08-19T06:18:14.330Z"}
{"message":"Server running on port 9001","level":"info","timestamp":"2020-08-19T06:19:03.501Z"}
{"message":"Server running on port 9001","level":"info","timestamp":"2020-08-19T06:19:25.663Z"}
{"message":"Server running on port 9001","level":"info","timestamp":"2020-08-19T06:19:27.918Z"}
{"message":"Server running on port 9001","level":"info","timestamp":"2020-08-19T06:19:30.423Z"}
{"message":"logged in with userId: 5f376f4490c99b120bb48ad7","level":"info","timestamp":"2020-08-19T06:19:34.947Z"}
{"message":"Server running on port 9001","level":"info","timestamp":"2020-08-19T06:19:55.246Z"}
{"message":"Server running on port 9001","level":"info","timestamp":"2020-08-19T06:19:57.122Z"}
{"message":"Server running on port 9001","level":"info","timestamp":"2020-08-19T06:20:10.258Z"}
{"message":"Server running on port 9001","level":"info","timestamp":"2020-08-19T06:20:12.808Z"}
{"message":"logged in with userId: 5f376f4490c99b120bb48ad7","level":"info","timestamp":"2020-08-19T06:20:15.844Z"}
{"message":"Server running on port 9001","level":"info","timestamp":"2020-08-19T06:21:27.588Z"}
{"message":"Server running on port 9001","level":"info","timestamp":"2020-08-19T06:21:30.920Z"}
{"message":"Server running on port 9001","level":"info","timestamp":"2020-08-19T06:21:34.232Z"}
{"message":"Server running on port 9001","level":"info","timestamp":"2020-08-19T06:21:50.798Z"}
{"message":"Server running on port 9001","level":"info","timestamp":"2020-08-19T06:21:52.316Z"}
{"message":"Server running on port 9001","level":"info","timestamp":"2020-08-19T06:22:48.913Z"}
{"message":"logged in with userId: 5f376f4490c99b120bb48ad7","level":"info","timestamp":"2020-08-19T06:22:52.009Z"}
{"message":"logged in with userId: 5f376f4490c99b120bb48ad7","level":"info","timestamp":"2020-08-19T06:23:06.416Z"}
{"message":"logged in with userId: 5f376f4490c99b120bb48ad7","level":"info","timestamp":"2020-08-19T06:23:09.878Z"}
{"message":"logged in with userId: 5f376f4490c99b120bb48ad7","level":"info","timestamp":"2020-08-19T06:23:18.131Z"}
{"message":"logged in with userId: 5f376f4490c99b120bb48ad7","level":"info","timestamp":"2020-08-19T06:23:18.567Z"}
{"message":"Server running on port 9001","level":"info","timestamp":"2020-08-19T06:25:03.547Z"}
{"message":"Server running on port 9001","level":"info","timestamp":"2020-08-19T06:25:06.259Z"}
{"message":"logged in with userId: 5f376f4490c99b120bb48ad7","level":"info","timestamp":"2020-08-19T06:27:07.175Z"}
{"message":"logged in with userId: 5f376f4490c99b120bb48ad7","level":"info","timestamp":"2020-08-19T06:27:08.139Z"}
{"message":"logged in with userId: 5f376f4490c99b120bb48ad7","level":"info","timestamp":"2020-08-19T06:27:08.997Z"}
{"message":"Failed to fetch book by id","level":"error","timestamp":"2020-08-19T06:28:20.112Z"}
{"message":"Server running on port 9001","level":"info","timestamp":"2020-08-19T06:31:57.614Z"}
{"book":{"name":"Pirates of the carebian","authr":"Johny Deep"},"level":"info","message":"Adding a new book ","timestamp":"2020-08-19T06:32:01.950Z"}
{"error":{"errors":{"author":{"properties":{"message":"Path `author` is required.","type":"required","path":"author"},"kind":"required","path":"author"}},"_message":"Book validation failed","message":"Book validation failed: author: Path `author` is required."},"level":"error","message":"Failed to add book","timestamp":"2020-08-19T06:32:01.960Z"}
{"message":"logged in with userId: 5f376f4490c99b120bb48ad7","level":"info","timestamp":"2020-08-19T06:32:07.737Z"}
{"message":"Fetching information of all users","level":"info","timestamp":"2020-08-19T06:33:09.413Z"}
{"message":"Fetching information of all users","level":"info","timestamp":"2020-08-19T06:34:28.183Z"}
{"message":"logged in with userId: 5f1fa56e67bb930d0135a735","level":"info","timestamp":"2020-08-19T06:35:05.134Z"}
{"message":"Server running on port 9001","level":"info","timestamp":"2020-08-19T06:37:45.095Z"}
{"message":"Server running on port 9001","level":"info","timestamp":"2020-08-19T06:37:47.263Z"}
{"message":"logged in with userId: 5f1fa56e67bb930d0135a735","level":"info","timestamp":"2020-08-19T06:37:51.383Z"}
{"message":"Server running on port 9001","level":"info","timestamp":"2020-08-19T06:38:28.430Z"}
{"message":"logged in with userId: 5f1fa56e67bb930d0135a735","level":"info","timestamp":"2020-08-19T06:38:32.405Z"}
{"message":"Server running on port 9001","level":"info","timestamp":"2020-08-19T06:42:59.481Z"}
{"message":"Server running on port 9001","level":"info","timestamp":"2020-08-19T06:43:01.982Z"}
{"message":"Server running on port 9001","level":"info","timestamp":"2020-08-19T06:43:04.496Z"}
{"message":"logged in with userId: 5f1fa56e67bb930d0135a735","level":"info","timestamp":"2020-08-19T06:43:09.732Z"}
{"message":"Server running on port 9001","level":"info","timestamp":"2020-08-19T06:45:06.345Z"}
{"message":"Server running on port 9001","level":"info","timestamp":"2020-08-19T06:45:09.040Z"}
{"message":"Server running on port 9001","level":"info","timestamp":"2020-08-19T06:45:12.332Z"}
{"message":"Server running on port 9001","level":"info","timestamp":"2020-08-19T06:45:15.364Z"}
{"message":"Server running on port 9001","level":"info","timestamp":"2020-08-19T06:45:55.539Z"}
{"message":"Server running on port 9001","level":"info","timestamp":"2020-08-19T06:45:57.031Z"}
{"message":"logged in with userId: 5f1fa56e67bb930d0135a735","level":"info","timestamp":"2020-08-19T06:46:00.585Z"}
{"message":"Server running on port 9001","level":"info","timestamp":"2020-08-19T06:46:35.444Z"}
{"message":"Server running on port 9001","level":"info","timestamp":"2020-08-19T06:46:37.226Z"}
{"message":"logged in with userId: 5f1fa56e67bb930d0135a735","level":"info","timestamp":"2020-08-19T06:46:44.188Z"}
{"message":"logged in with userId: 5f1fa56e67bb930d0135a735","level":"info","timestamp":"2020-08-19T06:51:15.001Z"}
{"message":"Fetching information of all books","level":"info","timestamp":"2020-08-19T06:51:34.677Z"}
{"message":"Server running on port 9001","level":"info","timestamp":"2020-08-19T06:52:41.265Z"}
{"message":"Server running on port 9001","level":"info","timestamp":"2020-08-19T06:52:43.753Z"}
{"message":"Fetching information of all books","level":"info","timestamp":"2020-08-19T06:52:46.003Z"}
{"message":"Server running on port 9001","level":"info","timestamp":"2020-08-19T06:54:18.727Z"}
{"message":"Server running on port 9001","level":"info","timestamp":"2020-08-19T06:54:21.214Z"}
{"message":"Fetching information of all books","level":"info","timestamp":"2020-08-19T06:54:23.710Z"}
{"message":"Server running on port 9001","level":"info","timestamp":"2020-08-19T06:55:20.509Z"}
{"message":"Server running on port 9001","level":"info","timestamp":"2020-08-19T06:55:31.479Z"}
{"message":"Server running on port 9001","level":"info","timestamp":"2020-08-19T06:55:38.506Z"}
{"message":"Fetching information of all books","level":"info","timestamp":"2020-08-19T06:55:39.567Z"}
{"message":"Server running on port 9001","level":"info","timestamp":"2020-08-19T06:55:44.395Z"}
{"message":"Server running on port 9001","level":"info","timestamp":"2020-08-19T06:55:48.239Z"}
{"message":"Fetching information of all books","level":"info","timestamp":"2020-08-19T06:55:50.160Z"}
{"message":"Server running on port 9001","level":"info","timestamp":"2020-08-19T06:55:56.409Z"}
{"message":"Server running on port 9001","level":"info","timestamp":"2020-08-19T06:55:58.442Z"}
{"message":"Fetching information of all books","level":"info","timestamp":"2020-08-19T06:55:59.843Z"}
{"message":"Server running on port 9001","level":"info","timestamp":"2020-08-19T06:56:13.121Z"}
{"message":"Fetching information of all books","level":"info","timestamp":"2020-08-19T06:56:13.584Z"}
{"message":"Fetching information of all books","level":"info","timestamp":"2020-08-19T06:56:17.204Z"}
{"message":"Server running on port 9001","level":"info","timestamp":"2020-08-19T06:56:21.289Z"}
{"message":"Fetching information of all books","level":"info","timestamp":"2020-08-19T06:56:23.048Z"}
{"message":"Server running on port 9001","level":"info","timestamp":"2020-08-19T06:59:05.633Z"}
{"message":"Server running on port 9001","level":"info","timestamp":"2020-08-19T07:00:24.815Z"}
{"message":"Server running on port 9001","level":"info","timestamp":"2020-08-19T07:00:27.938Z"}
{"message":"Server running on port 9001","level":"info","timestamp":"2020-08-19T07:00:30.824Z"}
{"message":"Server running on port 9001","level":"info","timestamp":"2020-08-19T07:00:33.991Z"}
{"message":"Server running on port 9001","level":"info","timestamp":"2020-08-19T07:00:36.970Z"}
{"message":"Server running on port 9001","level":"info","timestamp":"2020-08-19T07:08:07.529Z"}
{"message":"Server running on port 9001","level":"info","timestamp":"2020-08-19T07:08:21.736Z"}
{"message":"Server running on port 9001","level":"info","timestamp":"2020-08-19T07:08:24.809Z"}
{"message":"Server running on port 9001","level":"info","timestamp":"2020-08-19T07:08:27.602Z"}
{"message":"Server running on port 9001","level":"info","timestamp":"2020-08-19T07:08:50.158Z"}
{"message":"Server running on port 9001","level":"info","timestamp":"2020-08-19T07:09:12.248Z"}
{"message":"Server running on port 9001","level":"info","timestamp":"2020-08-19T07:10:45.753Z"}
{"message":"Server running on port 9001","level":"info","timestamp":"2020-08-19T07:11:14.969Z"}
{"message":"Server running on port 9001","level":"info","timestamp":"2020-08-19T07:11:54.604Z"}
{"message":"Server running on port 9001","level":"info","timestamp":"2020-08-19T07:12:36.304Z"}
{"message":"Server running on port 9001","level":"info","timestamp":"2020-08-19T07:13:56.166Z"}
{"message":"Server running on port 9001","level":"info","timestamp":"2020-08-19T07:13:58.521Z"}
{"message":"Server running on port 9001","level":"info","timestamp":"2020-08-19T07:14:42.229Z"}
{"message":"Server running on port 9001","level":"info","timestamp":"2020-08-19T07:14:44.430Z"}
{"message":"Server running on port 9001","level":"info","timestamp":"2020-08-19T07:15:11.163Z"}
{"message":"Server running on port 9001","level":"info","timestamp":"2020-08-19T07:16:26.995Z"}
{"message":"Server running on port 9001","level":"info","timestamp":"2020-08-19T07:20:58.046Z"}
{"message":"Server running on port 9001","level":"info","timestamp":"2020-08-19T07:21:00.678Z"}
{"message":"Fetching information of all books","level":"info","timestamp":"2020-08-19T07:21:13.145Z"}
{"message":"Server running on port 9001","level":"info","timestamp":"2020-08-19T07:22:28.615Z"}
{"message":"logged in with userId: 5f1fa56e67bb930d0135a735","level":"info","timestamp":"2020-08-19T07:22:33.410Z"}
{"message":"logged in with userId: 5f1fa56e67bb930d0135a735","level":"info","timestamp":"2020-08-19T07:23:57.191Z"}
{"message":"Fetching information of all books","level":"info","timestamp":"2020-08-19T07:24:10.704Z"}
{"message":"Server running on port 9001","level":"info","timestamp":"2020-08-19T07:24:44.051Z"}
{"message":"logged in with userId: 5f1fa56e67bb930d0135a735","level":"info","timestamp":"2020-08-19T07:24:45.460Z"}
{"message":"Fetching information of all books","level":"info","timestamp":"2020-08-19T07:25:19.563Z"}
{"message":"Fetching information of all books","level":"info","timestamp":"2020-08-19T07:25:36.144Z"}
{"message":"Server running on port 9001","level":"info","timestamp":"2020-08-19T07:27:01.197Z"}
{"message":"Server running on port 9001","level":"info","timestamp":"2020-08-19T07:27:22.215Z"}
{"message":"Fetching information of all books","level":"info","timestamp":"2020-08-19T07:27:30.119Z"}
{"message":"Server running on port 9001","level":"info","timestamp":"2020-08-19T07:28:00.646Z"}
{"message":"Server running on port 9001","level":"info","timestamp":"2020-08-19T07:28:02.809Z"}
{"message":"Server running on port 9001","level":"info","timestamp":"2020-08-19T07:28:17.054Z"}
{"message":"Server running on port 9001","level":"info","timestamp":"2020-08-19T07:28:20.790Z"}
{"message":"Server running on port 9001","level":"info","timestamp":"2020-08-19T07:28:23.907Z"}
{"message":"Server running on port 9001","level":"info","timestamp":"2020-08-19T07:28:40.576Z"}
{"message":"Server running on port 9001","level":"info","timestamp":"2020-08-19T07:29:25.266Z"}
{"message":"Server running on port 9001","level":"info","timestamp":"2020-08-19T07:30:55.707Z"}
{"message":"Server running on port 9001","level":"info","timestamp":"2020-08-19T07:31:14.424Z"}
{"message":"Server running on port 9001","level":"info","timestamp":"2020-08-19T07:31:19.042Z"}
{"message":"Server running on port 9001","level":"info","timestamp":"2020-08-19T07:32:01.405Z"}
{"message":"Server running on port 9001","level":"info","timestamp":"2020-08-19T07:32:03.515Z"}
{"message":"Server running on port 9001","level":"info","timestamp":"2020-08-19T07:32:44.438Z"}
{"message":"Server running on port 9001","level":"info","timestamp":"2020-08-19T07:32:46.885Z"}
{"message":"Fetching information of all books","level":"info","timestamp":"2020-08-19T07:32:50.541Z"}
